<?xml version="1.0" encoding="UTF-8"?>
<!-- Generated by org.testng.reporters.JUnitReportReporter -->
<testsuite hostname="IN3070814W1" failures="0" tests="1" name="testPackage.RestFulBooker_CreateNonBDD" time="2.422" errors="0" timestamp="2023-01-27T11:32:45 IST" skipped="0">
  <testcase classname="testPackage.RestFulBooker_CreateNonBDD" name="CreateBooking" time="2.422"/>
  <system-out/>
</testsuite> <!-- testPackage.RestFulBooker_CreateNonBDD -->
